<?xml version="1.0" encoding="UTF-8"?>
<testng-results ignored="0" total="1" passed="1" failed="0" skipped="0">
  <reporter-output>
  </reporter-output>
  <suite started-at="2026-09-20T19:21:49 IST" name="Default suite" finished-at="2026-09-20T19:21:52 IST" duration-ms="3326">
    <groups>
    </groups>
    <test started-at="2026-09-20T19:21:49 IST" name="Default test" finished-at="2026-09-20T19:21:52 IST" duration-ms="3326">
      <class name="com.toptal.api.UserApiTest">
        <test-method is-config="true" signature="setUp()[pri:0, instance:com.toptal.api.UserApiTest@22555ebf]" started-at="2026-09-20T19:21:49 IST" name="setUp" finished-at="2026-09-20T19:21:50 IST" duration-ms="753" status="PASS">
          <reporter-output>
          </reporter-output>
        </test-method> <!-- setUp -->
        <test-method signature="getUserTest()[pri:0, instance:com.toptal.api.UserApiTest@22555ebf]" started-at="2026-09-20T19:21:50 IST" name="getUserTest" finished-at="2026-09-20T19:21:52 IST" duration-ms="2520" status="PASS">
          <reporter-output>
          </reporter-output>
        </test-method> <!-- getUserTest -->
      </class> <!-- com.toptal.api.UserApiTest -->
    </test> <!-- Default test -->
  </suite> <!-- Default suite -->
</testng-results>
