<?xml version="1.0" encoding="UTF-8"?>
<testng-results ignored="0" total="1" passed="1" failed="0" skipped="0">
  <reporter-output>
  </reporter-output>
  <suite started-at="2026-09-20T18:34:53 IST" name="Default suite" finished-at="2026-09-20T18:34:56 IST" duration-ms="3239">
    <groups>
    </groups>
    <test started-at="2026-09-20T18:34:53 IST" name="Default test" finished-at="2026-09-20T18:34:56 IST" duration-ms="3239">
      <class name="com.toptal.api.UserApiTest">
        <test-method signature="getUserTest()[pri:0, instance:com.toptal.api.UserApiTest@c8c12ac]" started-at="2026-09-20T18:34:53 IST" name="getUserTest" finished-at="2026-09-20T18:34:56 IST" duration-ms="3195" status="PASS">
          <reporter-output>
          </reporter-output>
        </test-method> <!-- getUserTest -->
      </class> <!-- com.toptal.api.UserApiTest -->
    </test> <!-- Default test -->
  </suite> <!-- Default suite -->
</testng-results>
